<?xml version="1.0" encoding="UTF-8"?>
<!-- Generated by org.testng.reporters.JUnitReportReporter -->
<testsuite hostname="LAPTOP-ONRAIVR5" failures="0" tests="1" name="com.jasmine.tests.CreateUserTest" time="4.717" errors="0" timestamp="18 Jul 2024 07:43:20 GMT" skipped="0">
  <testcase classname="com.jasmine.tests.CreateUserTest" name="createNewUser" time="4.717"/>
</testsuite> <!-- com.jasmine.tests.CreateUserTest -->
