<?xml version="1.0" encoding="UTF-8"?>
<!-- Generated by org.testng.reporters.JUnitReportReporter -->
<testsuite hostname="LAPTOP-ONRAIVR5" failures="0" tests="1" name="com.jasmine.tests.LoginTest" time="7.582" errors="0" timestamp="18 Jul 2024 07:49:44 GMT" skipped="0">
  <testcase classname="com.jasmine.tests.LoginTest" name="loginToShop" time="7.582"/>
</testsuite> <!-- com.jasmine.tests.LoginTest -->
